<?xml version="1.0" encoding="UTF-8"?>
<!-- Generated by org.testng.reporters.JUnitXMLReporter -->
<testsuite ignored="0" hostname="Jaspreet" failures="0" tests="5" name="LoginTestCase" time="10.359" errors="0" timestamp="2024-12-18T15:39:50 EST">
  <testcase classname="CURAHealthCare.BookAppt.Login" name="loginFive" time="0.342"/>
  <testcase classname="CURAHealthCare.BookAppt.Login" name="loginFour" time="0.376"/>
  <testcase classname="CURAHealthCare.BookAppt.Login" name="loginOne" time="0.361"/>
  <testcase classname="CURAHealthCare.BookAppt.Login" name="loginSix" time="0.392"/>
  <testcase classname="CURAHealthCare.BookAppt.Login" name="loginThree" time="0.392"/>
</testsuite> <!-- LoginTestCase -->
