<?xml version="1.0" encoding="UTF-8"?>
<testng-results ignored="0" total="1" passed="1" failed="0" skipped="0">
  <reporter-output>
  </reporter-output>
  <suite started-at="2025-02-12T15:04:46 EST" name="Suite" finished-at="2025-02-12T15:04:52 EST" duration-ms="5584">
    <groups>
    </groups>
    <test started-at="2025-02-12T15:04:46 EST" name="Test" finished-at="2025-02-12T15:04:52 EST" duration-ms="5584">
      <class name="CURAHealthCare.BookAppt.apptBooking">
        <test-method is-config="true" signature="launchWebsite()[pri:0, instance:CURAHealthCare.BookAppt.apptBooking@1040be71]" started-at="2025-02-12T15:04:46 EST" name="launchWebsite" finished-at="2025-02-12T15:04:49 EST" duration-ms="2582" status="PASS">
          <reporter-output>
          </reporter-output>
        </test-method> <!-- launchWebsite -->
        <test-method signature="bookingTest()[pri:0, instance:CURAHealthCare.BookAppt.apptBooking@1040be71]" started-at="2025-02-12T15:04:49 EST" name="bookingTest" finished-at="2025-02-12T15:04:52 EST" duration-ms="2889" status="PASS">
          <reporter-output>
          </reporter-output>
        </test-method> <!-- bookingTest -->
        <test-method is-config="true" signature="closeBowser()[pri:0, instance:CURAHealthCare.BookAppt.apptBooking@1040be71]" started-at="2025-02-12T15:04:52 EST" name="closeBowser" finished-at="2025-02-12T15:04:52 EST" duration-ms="75" status="PASS">
          <reporter-output>
          </reporter-output>
        </test-method> <!-- closeBowser -->
      </class> <!-- CURAHealthCare.BookAppt.apptBooking -->
    </test> <!-- Test -->
  </suite> <!-- Suite -->
</testng-results>
