<?xml version="1.0" encoding="UTF-8"?>
<testng-results ignored="0" total="1" passed="1" failed="0" skipped="0">
  <reporter-output>
  </reporter-output>
  <suite started-at="2025-02-12T14:59:07 EST" name="Suite" finished-at="2025-02-12T14:59:12 EST" duration-ms="4784">
    <groups>
    </groups>
    <test started-at="2025-02-12T14:59:07 EST" name="Test" finished-at="2025-02-12T14:59:12 EST" duration-ms="4784">
      <class name="CURAHealthCare.BookAppt.apptBooking">
        <test-method is-config="true" signature="launchWebsite()[pri:0, instance:CURAHealthCare.BookAppt.apptBooking@3b35a229]" started-at="2025-02-12T14:59:07 EST" name="launchWebsite" finished-at="2025-02-12T14:59:09 EST" duration-ms="2063" status="PASS">
          <reporter-output>
          </reporter-output>
        </test-method> <!-- launchWebsite -->
        <test-method signature="bookingTest()[pri:0, instance:CURAHealthCare.BookAppt.apptBooking@3b35a229]" started-at="2025-02-12T14:59:09 EST" name="bookingTest" finished-at="2025-02-12T14:59:12 EST" duration-ms="2581" status="PASS">
          <reporter-output>
          </reporter-output>
        </test-method> <!-- bookingTest -->
        <test-method is-config="true" signature="closeBowser()[pri:0, instance:CURAHealthCare.BookAppt.apptBooking@3b35a229]" started-at="2025-02-12T14:59:12 EST" name="closeBowser" finished-at="2025-02-12T14:59:12 EST" duration-ms="101" status="PASS">
          <reporter-output>
          </reporter-output>
        </test-method> <!-- closeBowser -->
      </class> <!-- CURAHealthCare.BookAppt.apptBooking -->
    </test> <!-- Test -->
  </suite> <!-- Suite -->
</testng-results>
